<?xml version="1.0" encoding="UTF-8"?>
<!-- Generated by org.testng.reporters.JUnitXMLReporter -->
<testsuite ignored="0" hostname="DESKTOP-F5PFAUU" failures="0" tests="7" name="Surefire test" time="0.05" errors="0" timestamp="2024-06-14T13:41:37 IST">
  <testcase classname="nagarjunvp.Maven_java.AppiumTest" name="AndroidTest" time="0.006"/>
  <testcase classname="nagarjunvp.Maven_java.AppiumTest" name="ioSTest" time="0.0"/>
  <testcase classname="nagarjunvp.Maven_java.AppTest" name="shouldAnswerWithTrue" time="0.002"/>
  <testcase classname="nagarjunvp.Maven_java.RestAssuredTest" name="DeleteTweet" time="0.0"/>
  <testcase classname="nagarjunvp.Maven_java.RestAssuredTest" name="postJira" time="0.0"/>
  <testcase classname="nagarjunvp.Maven_java.SeleniumTest" name="browserAutomate" time="0.0"/>
  <testcase classname="nagarjunvp.Maven_java.SeleniumTest" name="elementsUI" time="0.0"/>
</testsuite> <!-- Surefire test -->
