<?xml version="1.0" encoding="UTF-8"?>
<!-- Generated by org.testng.reporters.JUnitXMLReporter -->
<testsuite ignored="1" hostname="DESKTOP-34DF31M" failures="0" tests="1" name="Default test" time="0.079" errors="0" timestamp="2021-12-19T15:36:56 IST">
  <testcase classname="nagarjunvp.Maven_java.AppiumTest" name="ioSTest" time="0.012"/>
  <testcase classname="nagarjunvp.Maven_java.AppiumTest" name="AndroidTest" time="0.0">
    <ignored/>
  </testcase> <!-- AndroidTest -->
</testsuite> <!-- Default test -->
