<?xml version="1.0" encoding="UTF-8"?>
<testng-results ignored="1" total="2" passed="1" failed="0" skipped="0">
  <reporter-output>
  </reporter-output>
  <suite started-at="2021-12-19T15:36:56 IST" name="Default suite" finished-at="2021-12-19T15:36:56 IST" duration-ms="79">
    <groups>
    </groups>
    <test started-at="2021-12-19T15:36:56 IST" name="Default test" finished-at="2021-12-19T15:36:56 IST" duration-ms="79">
      <class name="nagarjunvp.Maven_java.AppiumTest">
        <test-method signature="ioSTest()[pri:0, instance:nagarjunvp.Maven_java.AppiumTest@7e5afaa6]" started-at="2021-12-19T15:36:56 IST" name="ioSTest" finished-at="2021-12-19T15:36:56 IST" duration-ms="12" status="PASS">
          <reporter-output>
          </reporter-output>
        </test-method> <!-- ioSTest -->
      </class> <!-- nagarjunvp.Maven_java.AppiumTest -->
    </test> <!-- Default test -->
  </suite> <!-- Default suite -->
</testng-results>
